<?xml version="1.0" encoding="UTF-8"?>
<!-- Generated by org.testng.reporters.JUnitXMLReporter -->
<testsuite hostname="sms-MacBook-Air.home" ignored="0" name="HeatlhCare" tests="1" failures="0" timestamp="19 May 2017 20:13:51 GMT" time="0.511" errors="0">
  <testcase name="@BeforeMethod setUp" time="0.435" classname="Base.Config">
    <failure type="java.lang.IllegalStateException" message="The driver is not executable: /Users/smhoque/IdeaProjects/HeatlhCare/UnitedHealthcare/../Common/driver/geckodriver.exe">
      <![CDATA[java.lang.IllegalStateException: The driver is not executable: /Users/smhoque/IdeaProjects/HeatlhCare/UnitedHealthcare/../Common/driver/geckodriver.exe
	at com.google.common.base.Preconditions.checkState(Preconditions.java:518)
	at org.openqa.selenium.remote.service.DriverService.checkExecutable(DriverService.java:140)
	at org.openqa.selenium.remote.service.DriverService.findExecutable(DriverService.java:131)
	at org.openqa.selenium.firefox.GeckoDriverService.access$100(GeckoDriverService.java:41)
	at org.openqa.selenium.firefox.GeckoDriverService$Builder.findDefaultExecutable(GeckoDriverService.java:115)
	at org.openqa.selenium.remote.service.DriverService$Builder.build(DriverService.java:330)
	at org.openqa.selenium.firefox.FirefoxDriver.toExecutor(FirefoxDriver.java:207)
	at org.openqa.selenium.firefox.FirefoxDriver.<init>(FirefoxDriver.java:108)
	at org.openqa.selenium.firefox.FirefoxDriver.<init>(FirefoxDriver.java:104)
	at Base.Config.getLocalDriver(Config.java:145)
	at Base.Config.setUp(Config.java:122)
... Removed 26 stack frames]]>
    </failure>
  </testcase> <!-- @BeforeMethod setUp -->
  <testcase name="@BeforeMethod startExtent" time="0.0" classname="Base.Config">
    <skipped/>
  </testcase> <!-- @BeforeMethod startExtent -->
  <testcase name="search" time="0.0" classname="uhcSearch.uhcLogin">
    <skipped/>
  </testcase> <!-- search -->
</testsuite> <!-- HeatlhCare -->
